# JRE version: OpenJDK Runtime Environment Temurin-21.0.6+7 (21.0.6+7) (build 21.0.6+7-LTS)
# Java VM: OpenJDK 64-Bit Server VM Temurin-21.0.6+7 (21.0.6+7-LTS, mixed mode, emulated-client, sharing, tiered, compressed oops, compressed class ptrs, g1 gc, linux-amd64)
GC Precious Log:
 CardTable entry size: 512
 Card Set container configuration: InlinePtr #cards 4 size 8 Array Of Cards #cards 64 size 144 Howl #buckets 8 coarsen threshold 14745 Howl Bitmap #cards 2048 size 272 coarsen threshold 1843 Card regions per heap region 1 cards per card region 16384
 CPUs: 16 total, 16 available
 Memory: 47311M
 Large Page Support: Disabled
 NUMA Support: Disabled
 Compressed Oops: Enabled (Zero based)
 Heap Region Size: 8M
 Heap Min Capacity: 8M
 Heap Initial Capacity: 744M
 Heap Max Capacity: 11832M
 Pre-touch: Disabled
 Parallel Workers: 13
 Concurrent Workers: 3
 Concurrent Refinement Workers: 13
 Periodic GC: Disabled
Heap:
 garbage-first heap   total 57344K, used 31131K [0x000000051c800000, 0x0000000800000000)
  region size 8192K, 3 young (24576K), 0 survivors (0K)
 Metaspace       used 32945K, committed 33600K, reserved 1114112K
  class space    used 4350K, committed 4672K, reserved 1048576K
GC Heap History (20 events):
Event: 0,334 GC heap before
{Heap before GC invocations=0 (full 0):
 garbage-first heap   total 770048K, used 33834K [0x000000051c800000, 0x0000000800000000)
  region size 8192K, 4 young (32768K), 0 survivors (0K)
 Metaspace       used 7963K, committed 8256K, reserved 1114112K
  class space    used 894K, committed 1024K, reserved 1048576K
}
Event: 0,336 GC heap after
{Heap after GC invocations=1 (full 0):
 garbage-first heap   total 770048K, used 5717K [0x000000051c800000, 0x0000000800000000)
  region size 8192K, 1 young (8192K), 1 survivors (8192K)
 Metaspace       used 7963K, committed 8256K, reserved 1114112K
  class space    used 894K, committed 1024K, reserved 1048576K
}
Event: 0,408 GC heap before
{Heap before GC invocations=1 (full 0):
 garbage-first heap   total 770048K, used 30293K [0x000000051c800000, 0x0000000800000000)
  region size 8192K, 4 young (32768K), 1 survivors (8192K)
 Metaspace       used 10323K, committed 10560K, reserved 1114112K
  class space    used 1216K, committed 1344K, reserved 1048576K
}
Event: 0,409 GC heap after
{Heap after GC invocations=2 (full 0):
 garbage-first heap   total 770048K, used 6448K [0x000000051c800000, 0x0000000800000000)
  region size 8192K, 1 young (8192K), 1 survivors (8192K)
 Metaspace       used 10323K, committed 10560K, reserved 1114112K
  class space    used 1216K, committed 1344K, reserved 1048576K
}
Event: 0,545 GC heap before
{Heap before GC invocations=2 (full 0):
 garbage-first heap   total 770048K, used 63792K [0x000000051c800000, 0x0000000800000000)
  region size 8192K, 9 young (73728K), 1 survivors (8192K)
 Metaspace       used 16648K, committed 17088K, reserved 1114112K
  class space    used 2109K, committed 2304K, reserved 1048576K
}
Event: 0,546 GC heap after
{Heap after GC invocations=3 (full 0):
 garbage-first heap   total 770048K, used 8486K [0x000000051c800000, 0x0000000800000000)
  region size 8192K, 1 young (8192K), 1 survivors (8192K)
 Metaspace       used 16648K, committed 17088K, reserved 1114112K
  class space    used 2109K, committed 2304K, reserved 1048576K
}
Event: 0,548 GC heap before
{Heap before GC invocations=3 (full 0):
 garbage-first heap   total 770048K, used 8486K [0x000000051c800000, 0x0000000800000000)
  region size 8192K, 2 young (16384K), 1 survivors (8192K)
 Metaspace       used 16674K, committed 17088K, reserved 1114112K
  class space    used 2115K, committed 2304K, reserved 1048576K
}
Event: 0,549 GC heap after
{Heap after GC invocations=4 (full 0):
 garbage-first heap   total 770048K, used 8612K [0x000000051c800000, 0x0000000800000000)
  region size 8192K, 1 young (8192K), 1 survivors (8192K)
 Metaspace       used 16674K, committed 17088K, reserved 1114112K
  class space    used 2115K, committed 2304K, reserved 1048576K
}
Event: 0,626 GC heap before
{Heap before GC invocations=5 (full 0):
 garbage-first heap   total 81920K, used 65956K [0x000000051c800000, 0x0000000800000000)
  region size 8192K, 8 young (65536K), 1 survivors (8192K)
 Metaspace       used 21288K, committed 21760K, reserved 1114112K
  class space    used 2731K, committed 2944K, reserved 1048576K
}
Event: 0,627 GC heap after
{Heap after GC invocations=6 (full 0):
 garbage-first heap   total 90112K, used 10402K [0x000000051c800000, 0x0000000800000000)
  region size 8192K, 1 young (8192K), 1 survivors (8192K)
 Metaspace       used 21288K, committed 21760K, reserved 1114112K
  class space    used 2731K, committed 2944K, reserved 1048576K
}
Event: 0,713 GC heap before
{Heap before GC invocations=6 (full 0):
 garbage-first heap   total 90112K, used 51362K [0x000000051c800000, 0x0000000800000000)
  region size 8192K, 6 young (49152K), 1 survivors (8192K)
 Metaspace       used 22626K, committed 23040K, reserved 1114112K
  class space    used 2928K, committed 3136K, reserved 1048576K
}
Event: 0,715 GC heap after
{Heap after GC invocations=7 (full 0):
 garbage-first heap   total 90112K, used 11477K [0x000000051c800000, 0x0000000800000000)
  region size 8192K, 1 young (8192K), 1 survivors (8192K)
 Metaspace       used 22626K, committed 23040K, reserved 1114112K
  class space    used 2928K, committed 3136K, reserved 1048576K
}
Event: 0,845 GC heap before
{Heap before GC invocations=7 (full 0):
 garbage-first heap   total 90112K, used 52437K [0x000000051c800000, 0x0000000800000000)
  region size 8192K, 6 young (49152K), 1 survivors (8192K)
 Metaspace       used 25632K, committed 26048K, reserved 1114112K
  class space    used 3389K, committed 3584K, reserved 1048576K
}
Event: 0,847 GC heap after
{Heap after GC invocations=8 (full 0):
 garbage-first heap   total 425984K, used 13430K [0x000000051c800000, 0x0000000800000000)
  region size 8192K, 1 young (8192K), 1 survivors (8192K)
 Metaspace       used 25632K, committed 26048K, reserved 1114112K
  class space    used 3389K, committed 3584K, reserved 1048576K
}
Event: 0,944 GC heap before
{Heap before GC invocations=8 (full 0):
 garbage-first heap   total 425984K, used 38006K [0x000000051c800000, 0x0000000800000000)
  region size 8192K, 5 young (40960K), 1 survivors (8192K)
 Metaspace       used 28158K, committed 28608K, reserved 1114112K
  class space    used 3687K, committed 3904K, reserved 1048576K
}
Event: 0,945 GC heap after
{Heap after GC invocations=9 (full 0):
 garbage-first heap   total 425984K, used 14527K [0x000000051c800000, 0x0000000800000000)
  region size 8192K, 1 young (8192K), 1 survivors (8192K)
 Metaspace       used 28158K, committed 28608K, reserved 1114112K
  class space    used 3687K, committed 3904K, reserved 1048576K
}
Event: 1,578 GC heap before
{Heap before GC invocations=10 (full 0):
 garbage-first heap   total 81920K, used 71871K [0x000000051c800000, 0x0000000800000000)
  region size 8192K, 8 young (65536K), 1 survivors (8192K)
 Metaspace       used 31020K, committed 31552K, reserved 1114112K
  class space    used 4090K, committed 4288K, reserved 1048576K
}
Event: 1,580 GC heap after
{Heap after GC invocations=11 (full 0):
 garbage-first heap   total 90112K, used 16264K [0x000000051c800000, 0x0000000800000000)
  region size 8192K, 1 young (8192K), 1 survivors (8192K)
 Metaspace       used 31020K, committed 31552K, reserved 1114112K
  class space    used 4090K, committed 4288K, reserved 1048576K
}
Event: 27,471 GC heap before
{Heap before GC invocations=11 (full 0):
 garbage-first heap   total 90112K, used 49032K [0x000000051c800000, 0x0000000800000000)
  region size 8192K, 6 young (49152K), 1 survivors (8192K)
 Metaspace       used 32988K, committed 33600K, reserved 1114112K
  class space    used 4360K, committed 4672K, reserved 1048576K
}
Event: 27,504 GC heap after
{Heap after GC invocations=12 (full 1):
 garbage-first heap   total 57344K, used 14747K [0x000000051c800000, 0x0000000800000000)
  region size 8192K, 0 young (0K), 0 survivors (0K)
 Metaspace       used 32929K, committed 33600K, reserved 1114112K
  class space    used 4346K, committed 4672K, reserved 1048576K
}

